[debug] [2021-05-04T04:50:57.076Z] ----------------------------------------------------------------------
[debug] [2021-05-04T04:50:57.080Z] Command:       C:\Program Files\nodejs\node.exe C:\Users\dany_\AppData\Roaming\npm\node_modules\firebase-tools\lib\bin\firebase.js init
[debug] [2021-05-04T04:50:57.082Z] CLI Version:   9.10.0
[debug] [2021-05-04T04:50:57.082Z] Platform:      win32
[debug] [2021-05-04T04:50:57.083Z] Node Version:  v12.20.1
[debug] [2021-05-04T04:50:57.085Z] Time:          Tue May 04 2021 01:50:57 GMT-0300 (GMT-03:00)
[debug] [2021-05-04T04:50:57.086Z] ----------------------------------------------------------------------
[debug] 
[debug] [2021-05-04T04:50:57.113Z] > command requires scopes: ["email","openid","https://www.googleapis.com/auth/cloudplatformprojects.readonly","https://www.googleapis.com/auth/firebase","https://www.googleapis.com/auth/cloud-platform"]
[debug] [2021-05-04T04:50:57.113Z] > authorizing via signed-in user (dguglielmi.asm@gmail.com)
[info] 
     ######## #### ########  ######## ########     ###     ######  ########
     ##        ##  ##     ## ##       ##     ##  ##   ##  ##       ##
     ######    ##  ########  ######   ########  #########  ######  ######
     ##        ##  ##    ##  ##       ##     ## ##     ##       ## ##
     ##       #### ##     ## ######## ########  ##     ##  ######  ########

You're about to initialize a Firebase project in this directory:

  C:\Dany\code\reactjs\littleamsterdam-server

Before we get started, keep in mind:

  * You are currently outside your home directory
  * You are initializing in an existing Firebase project directory

[info] 
=== Project Setup
[info] 
[info] First, let's associate this project directory with a Firebase project.
[info] You can create multiple project aliases by running firebase use --add, 
[info] but for now we'll just set up a default project.
[info] 
[info] i  .firebaserc already has a default project, using lamsterdam-graphql. 
[debug] [2021-05-04T04:51:00.797Z] > refreshing access token with scopes: []
[debug] [2021-05-04T04:51:00.797Z] >>> HTTP REQUEST POST https://www.googleapis.com/oauth2/v3/token  
 <request body omitted>
[debug] [2021-05-04T04:51:00.973Z] <<< HTTP RESPONSE 200 {"pragma":"no-cache","cache-control":"no-cache, no-store, max-age=0, must-revalidate","date":"Tue, 04 May 2021 04:50:36 GMT","expires":"Mon, 01 Jan 1990 00:00:00 GMT","content-type":"application/json; charset=utf-8","vary":"X-Origin, Referer, Origin,Accept-Encoding","server":"scaffolding on HTTPServer2","x-xss-protection":"0","x-frame-options":"SAMEORIGIN","x-content-type-options":"nosniff","alt-svc":"h3-29=\":443\"; ma=2592000,h3-T051=\":443\"; ma=2592000,h3-Q050=\":443\"; ma=2592000,h3-Q046=\":443\"; ma=2592000,h3-Q043=\":443\"; ma=2592000,quic=\":443\"; ma=2592000; v=\"46,43\"","accept-ranges":"none","transfer-encoding":"chunked"}
[debug] [2021-05-04T04:51:00.996Z] >>> [apiv2][query] GET https://firebase.googleapis.com/v1beta1/projects/lamsterdam-graphql [none]
[debug] [2021-05-04T04:51:01.948Z] <<< [apiv2][status] GET https://firebase.googleapis.com/v1beta1/projects/lamsterdam-graphql 200
[debug] [2021-05-04T04:51:01.948Z] <<< [apiv2][body] GET https://firebase.googleapis.com/v1beta1/projects/lamsterdam-graphql {"projectId":"lamsterdam-graphql","projectNumber":"258014059595","displayName":"lamsterdam-graphql","name":"projects/lamsterdam-graphql","resources":{"hostingSite":"lamsterdam-graphql"},"state":"ACTIVE"}
[info] 
=== Functions Setup
[info] 
[info] A functions directory will be created in your project with a Node.js
[info] package pre-configured. Functions can be deployed with firebase deploy.
[info] 
[debug] [2021-05-04T04:51:01.952Z] > command requires scopes: ["email","openid","https://www.googleapis.com/auth/cloudplatformprojects.readonly","https://www.googleapis.com/auth/firebase","https://www.googleapis.com/auth/cloud-platform"]
[debug] [2021-05-04T04:51:01.952Z] > authorizing via signed-in user (dguglielmi.asm@gmail.com)
[debug] [2021-05-04T04:51:01.952Z] [iam] checking project lamsterdam-graphql for permissions ["firebase.projects.get"]
[debug] [2021-05-04T04:51:01.953Z] > refreshing access token with scopes: ["email","https://www.googleapis.com/auth/cloud-platform","https://www.googleapis.com/auth/cloudplatformprojects.readonly","https://www.googleapis.com/auth/firebase","openid"]
[debug] [2021-05-04T04:51:01.953Z] >>> HTTP REQUEST POST https://www.googleapis.com/oauth2/v3/token  
 <request body omitted>
[debug] [2021-05-04T04:51:02.060Z] <<< HTTP RESPONSE 200 {"pragma":"no-cache","expires":"Mon, 01 Jan 1990 00:00:00 GMT","date":"Tue, 04 May 2021 04:50:37 GMT","cache-control":"no-cache, no-store, max-age=0, must-revalidate","content-type":"application/json; charset=utf-8","vary":"X-Origin, Referer, Origin,Accept-Encoding","server":"scaffolding on HTTPServer2","x-xss-protection":"0","x-frame-options":"SAMEORIGIN","x-content-type-options":"nosniff","alt-svc":"h3-29=\":443\"; ma=2592000,h3-T051=\":443\"; ma=2592000,h3-Q050=\":443\"; ma=2592000,h3-Q046=\":443\"; ma=2592000,h3-Q043=\":443\"; ma=2592000,quic=\":443\"; ma=2592000; v=\"46,43\"","accept-ranges":"none","transfer-encoding":"chunked"}
[debug] [2021-05-04T04:51:02.077Z] >>> HTTP REQUEST POST https://cloudresourcemanager.googleapis.com/v1/projects/lamsterdam-graphql:testIamPermissions  
 {"permissions":["firebase.projects.get"]}
[debug] [2021-05-04T04:51:03.090Z] <<< HTTP RESPONSE 200 {"content-type":"application/json; charset=UTF-8","vary":"X-Origin, Referer, Origin,Accept-Encoding","date":"Tue, 04 May 2021 04:50:38 GMT","server":"ESF","cache-control":"private","x-xss-protection":"0","x-frame-options":"SAMEORIGIN","x-content-type-options":"nosniff","server-timing":"gfet4t7; dur=960","alt-svc":"h3-29=\":443\"; ma=2592000,h3-T051=\":443\"; ma=2592000,h3-Q050=\":443\"; ma=2592000,h3-Q046=\":443\"; ma=2592000,h3-Q043=\":443\"; ma=2592000,quic=\":443\"; ma=2592000; v=\"46,43\"","accept-ranges":"none","transfer-encoding":"chunked"}
[debug] [2021-05-04T04:51:03.091Z] >>> HTTP REQUEST POST https://serviceusage.googleapis.com/v1/projects/lamsterdam-graphql/services/cloudfunctions.googleapis.com:enable  
 
[debug] [2021-05-04T04:51:03.092Z] >>> HTTP REQUEST POST https://serviceusage.googleapis.com/v1/projects/lamsterdam-graphql/services/runtimeconfig.googleapis.com:enable  
 
[debug] [2021-05-04T04:51:04.215Z] <<< HTTP RESPONSE 200 {"content-type":"application/json; charset=UTF-8","vary":"X-Origin, Referer, Origin,Accept-Encoding","date":"Tue, 04 May 2021 04:50:39 GMT","server":"ESF","cache-control":"private","x-xss-protection":"0","x-frame-options":"SAMEORIGIN","x-content-type-options":"nosniff","alt-svc":"h3-29=\":443\"; ma=2592000,h3-T051=\":443\"; ma=2592000,h3-Q050=\":443\"; ma=2592000,h3-Q046=\":443\"; ma=2592000,h3-Q043=\":443\"; ma=2592000,quic=\":443\"; ma=2592000; v=\"46,43\"","accept-ranges":"none","transfer-encoding":"chunked"}
[debug] [2021-05-04T04:51:04.264Z] <<< HTTP RESPONSE 200 {"content-type":"application/json; charset=UTF-8","vary":"X-Origin, Referer, Origin,Accept-Encoding","date":"Tue, 04 May 2021 04:50:39 GMT","server":"ESF","cache-control":"private","x-xss-protection":"0","x-frame-options":"SAMEORIGIN","x-content-type-options":"nosniff","alt-svc":"h3-29=\":443\"; ma=2592000,h3-T051=\":443\"; ma=2592000,h3-Q050=\":443\"; ma=2592000,h3-Q046=\":443\"; ma=2592000,h3-Q043=\":443\"; ma=2592000,quic=\":443\"; ma=2592000; v=\"46,43\"","accept-ranges":"none","transfer-encoding":"chunked"}
[info] i  Skipping write of functions/package.json 
